<?xml version="1.0" encoding="UTF-8"?>
<testng-results skipped="0" failed="0" total="23" passed="23">
  <reporter-output>
  </reporter-output>
  <suite name="Default suite" duration-ms="79" started-at="2014-09-07T21:32:00Z" finished-at="2014-09-07T21:32:01Z">
    <groups>
    </groups>
    <test name="Default test" duration-ms="79" started-at="2014-09-07T21:32:00Z" finished-at="2014-09-07T21:32:01Z">
      <class name="com.sirma.itt.javacourse.objects.summator.SummatorTest">
        <test-method status="PASS" signature="testSumBigDecimalNegativeNumbers()[pri:0, instance:com.sirma.itt.javacourse.objects.summator.SummatorTest@78e000bb]" name="testSumBigDecimalNegativeNumbers" duration-ms="15" started-at="2014-09-08T00:32:00Z" finished-at="2014-09-08T00:32:00Z">
          <reporter-output>
          </reporter-output>
        </test-method> <!-- testSumBigDecimalNegativeNumbers -->
        <test-method status="PASS" signature="testSumBigDecimalZeros()[pri:0, instance:com.sirma.itt.javacourse.objects.summator.SummatorTest@78e000bb]" name="testSumBigDecimalZeros" duration-ms="1" started-at="2014-09-08T00:32:00Z" finished-at="2014-09-08T00:32:00Z">
          <reporter-output>
          </reporter-output>
        </test-method> <!-- testSumBigDecimalZeros -->
        <test-method status="PASS" signature="testSumBigIntegerNegativeNumbers()[pri:0, instance:com.sirma.itt.javacourse.objects.summator.SummatorTest@78e000bb]" name="testSumBigIntegerNegativeNumbers" duration-ms="1" started-at="2014-09-08T00:32:00Z" finished-at="2014-09-08T00:32:00Z">
          <reporter-output>
          </reporter-output>
        </test-method> <!-- testSumBigIntegerNegativeNumbers -->
        <test-method status="PASS" signature="testSumBigIntegerZeros()[pri:0, instance:com.sirma.itt.javacourse.objects.summator.SummatorTest@78e000bb]" name="testSumBigIntegerZeros" duration-ms="1" started-at="2014-09-08T00:32:00Z" finished-at="2014-09-08T00:32:00Z">
          <reporter-output>
          </reporter-output>
        </test-method> <!-- testSumBigIntegerZeros -->
        <test-method status="PASS" signature="testSumEmptyString()[pri:0, instance:com.sirma.itt.javacourse.objects.summator.SummatorTest@78e000bb]" name="testSumEmptyString" duration-ms="1" started-at="2014-09-08T00:32:00Z" finished-at="2014-09-08T00:32:00Z">
          <exception class="java.lang.IllegalArgumentException">
            <message>
              <![CDATA[One of the strings is empty]]>
            </message>
            <full-stacktrace>
              <![CDATA[java.lang.IllegalArgumentException: One of the strings is empty
	at com.sirma.itt.javacourse.objects.summator.Summator.sum(Summator.java:115)
	at com.sirma.itt.javacourse.objects.summator.SummatorTest.testSumEmptyString(SummatorTest.java:163)
	at sun.reflect.NativeMethodAccessorImpl.invoke0(Native Method)
	at sun.reflect.NativeMethodAccessorImpl.invoke(NativeMethodAccessorImpl.java:57)
	at sun.reflect.DelegatingMethodAccessorImpl.invoke(DelegatingMethodAccessorImpl.java:43)
	at java.lang.reflect.Method.invoke(Method.java:601)
	at org.testng.internal.MethodInvocationHelper.invokeMethod(MethodInvocationHelper.java:84)
	at org.testng.internal.Invoker.invokeMethod(Invoker.java:714)
	at org.testng.internal.Invoker.invokeTestMethod(Invoker.java:901)
	at org.testng.internal.Invoker.invokeTestMethods(Invoker.java:1231)
	at org.testng.internal.TestMethodWorker.invokeTestMethods(TestMethodWorker.java:127)
	at org.testng.internal.TestMethodWorker.run(TestMethodWorker.java:111)
	at org.testng.TestRunner.privateRun(TestRunner.java:767)
	at org.testng.TestRunner.run(TestRunner.java:617)
	at org.testng.SuiteRunner.runTest(SuiteRunner.java:334)
	at org.testng.SuiteRunner.runSequentially(SuiteRunner.java:329)
	at org.testng.SuiteRunner.privateRun(SuiteRunner.java:291)
	at org.testng.SuiteRunner.run(SuiteRunner.java:240)
	at org.testng.SuiteRunnerWorker.runSuite(SuiteRunnerWorker.java:52)
	at org.testng.SuiteRunnerWorker.run(SuiteRunnerWorker.java:86)
	at org.testng.TestNG.runSuitesSequentially(TestNG.java:1224)
	at org.testng.TestNG.runSuitesLocally(TestNG.java:1149)
	at org.testng.TestNG.run(TestNG.java:1057)
	at org.testng.remote.RemoteTestNG.run(RemoteTestNG.java:111)
	at org.testng.remote.RemoteTestNG.initAndRun(RemoteTestNG.java:204)
	at org.testng.remote.RemoteTestNG.main(RemoteTestNG.java:175)
]]>
            </full-stacktrace>
          </exception> <!-- java.lang.IllegalArgumentException -->
          <reporter-output>
          </reporter-output>
        </test-method> <!-- testSumEmptyString -->
        <test-method status="PASS" signature="testSumFloatMaximumValue()[pri:0, instance:com.sirma.itt.javacourse.objects.summator.SummatorTest@78e000bb]" name="testSumFloatMaximumValue" duration-ms="1" started-at="2014-09-08T00:32:00Z" finished-at="2014-09-08T00:32:00Z">
          <reporter-output>
          </reporter-output>
        </test-method> <!-- testSumFloatMaximumValue -->
        <test-method status="PASS" signature="testSumFloatMinimumValue()[pri:0, instance:com.sirma.itt.javacourse.objects.summator.SummatorTest@78e000bb]" name="testSumFloatMinimumValue" duration-ms="1" started-at="2014-09-08T00:32:00Z" finished-at="2014-09-08T00:32:00Z">
          <reporter-output>
          </reporter-output>
        </test-method> <!-- testSumFloatMinimumValue -->
        <test-method status="PASS" signature="testSumFloatNegativeNumbers()[pri:0, instance:com.sirma.itt.javacourse.objects.summator.SummatorTest@78e000bb]" name="testSumFloatNegativeNumbers" duration-ms="1" started-at="2014-09-08T00:32:00Z" finished-at="2014-09-08T00:32:00Z">
          <reporter-output>
          </reporter-output>
        </test-method> <!-- testSumFloatNegativeNumbers -->
        <test-method status="PASS" signature="testSumFloatZeros()[pri:0, instance:com.sirma.itt.javacourse.objects.summator.SummatorTest@78e000bb]" name="testSumFloatZeros" duration-ms="1" started-at="2014-09-08T00:32:00Z" finished-at="2014-09-08T00:32:00Z">
          <reporter-output>
          </reporter-output>
        </test-method> <!-- testSumFloatZeros -->
        <test-method status="PASS" signature="testSumIntMaximumValue()[pri:0, instance:com.sirma.itt.javacourse.objects.summator.SummatorTest@78e000bb]" name="testSumIntMaximumValue" duration-ms="2" started-at="2014-09-08T00:32:00Z" finished-at="2014-09-08T00:32:00Z">
          <reporter-output>
          </reporter-output>
        </test-method> <!-- testSumIntMaximumValue -->
        <test-method status="PASS" signature="testSumIntMinimumValue()[pri:0, instance:com.sirma.itt.javacourse.objects.summator.SummatorTest@78e000bb]" name="testSumIntMinimumValue" duration-ms="1" started-at="2014-09-08T00:32:00Z" finished-at="2014-09-08T00:32:00Z">
          <reporter-output>
          </reporter-output>
        </test-method> <!-- testSumIntMinimumValue -->
        <test-method status="PASS" signature="testSumIntNegativeNumbers()[pri:0, instance:com.sirma.itt.javacourse.objects.summator.SummatorTest@78e000bb]" name="testSumIntNegativeNumbers" duration-ms="1" started-at="2014-09-08T00:32:00Z" finished-at="2014-09-08T00:32:00Z">
          <reporter-output>
          </reporter-output>
        </test-method> <!-- testSumIntNegativeNumbers -->
        <test-method status="PASS" signature="testSumIntZeros()[pri:0, instance:com.sirma.itt.javacourse.objects.summator.SummatorTest@78e000bb]" name="testSumIntZeros" duration-ms="1" started-at="2014-09-08T00:32:00Z" finished-at="2014-09-08T00:32:00Z">
          <reporter-output>
          </reporter-output>
        </test-method> <!-- testSumIntZeros -->
        <test-method status="PASS" signature="testSumInvalidFormatString()[pri:0, instance:com.sirma.itt.javacourse.objects.summator.SummatorTest@78e000bb]" name="testSumInvalidFormatString" duration-ms="1" started-at="2014-09-08T00:32:00Z" finished-at="2014-09-08T00:32:00Z">
          <exception class="java.lang.NumberFormatException">
            <message>
              <![CDATA[Invalid number format]]>
            </message>
            <full-stacktrace>
              <![CDATA[java.lang.NumberFormatException: Invalid number format
	at com.sirma.itt.javacourse.objects.summator.Summator.sum(Summator.java:119)
	at com.sirma.itt.javacourse.objects.summator.SummatorTest.testSumInvalidFormatString(SummatorTest.java:179)
	at sun.reflect.NativeMethodAccessorImpl.invoke0(Native Method)
	at sun.reflect.NativeMethodAccessorImpl.invoke(NativeMethodAccessorImpl.java:57)
	at sun.reflect.DelegatingMethodAccessorImpl.invoke(DelegatingMethodAccessorImpl.java:43)
	at java.lang.reflect.Method.invoke(Method.java:601)
	at org.testng.internal.MethodInvocationHelper.invokeMethod(MethodInvocationHelper.java:84)
	at org.testng.internal.Invoker.invokeMethod(Invoker.java:714)
	at org.testng.internal.Invoker.invokeTestMethod(Invoker.java:901)
	at org.testng.internal.Invoker.invokeTestMethods(Invoker.java:1231)
	at org.testng.internal.TestMethodWorker.invokeTestMethods(TestMethodWorker.java:127)
	at org.testng.internal.TestMethodWorker.run(TestMethodWorker.java:111)
	at org.testng.TestRunner.privateRun(TestRunner.java:767)
	at org.testng.TestRunner.run(TestRunner.java:617)
	at org.testng.SuiteRunner.runTest(SuiteRunner.java:334)
	at org.testng.SuiteRunner.runSequentially(SuiteRunner.java:329)
	at org.testng.SuiteRunner.privateRun(SuiteRunner.java:291)
	at org.testng.SuiteRunner.run(SuiteRunner.java:240)
	at org.testng.SuiteRunnerWorker.runSuite(SuiteRunnerWorker.java:52)
	at org.testng.SuiteRunnerWorker.run(SuiteRunnerWorker.java:86)
	at org.testng.TestNG.runSuitesSequentially(TestNG.java:1224)
	at org.testng.TestNG.runSuitesLocally(TestNG.java:1149)
	at org.testng.TestNG.run(TestNG.java:1057)
	at org.testng.remote.RemoteTestNG.run(RemoteTestNG.java:111)
	at org.testng.remote.RemoteTestNG.initAndRun(RemoteTestNG.java:204)
	at org.testng.remote.RemoteTestNG.main(RemoteTestNG.java:175)
]]>
            </full-stacktrace>
          </exception> <!-- java.lang.NumberFormatException -->
          <reporter-output>
          </reporter-output>
        </test-method> <!-- testSumInvalidFormatString -->
        <test-method status="PASS" signature="testSumNullString()[pri:0, instance:com.sirma.itt.javacourse.objects.summator.SummatorTest@78e000bb]" name="testSumNullString" duration-ms="2" started-at="2014-09-08T00:32:00Z" finished-at="2014-09-08T00:32:00Z">
          <exception class="java.lang.IllegalArgumentException">
            <message>
              <![CDATA[One of the strings is null]]>
            </message>
            <full-stacktrace>
              <![CDATA[java.lang.IllegalArgumentException: One of the strings is null
	at com.sirma.itt.javacourse.objects.summator.Summator.sum(Summator.java:111)
	at com.sirma.itt.javacourse.objects.summator.SummatorTest.testSumNullString(SummatorTest.java:171)
	at sun.reflect.NativeMethodAccessorImpl.invoke0(Native Method)
	at sun.reflect.NativeMethodAccessorImpl.invoke(NativeMethodAccessorImpl.java:57)
	at sun.reflect.DelegatingMethodAccessorImpl.invoke(DelegatingMethodAccessorImpl.java:43)
	at java.lang.reflect.Method.invoke(Method.java:601)
	at org.testng.internal.MethodInvocationHelper.invokeMethod(MethodInvocationHelper.java:84)
	at org.testng.internal.Invoker.invokeMethod(Invoker.java:714)
	at org.testng.internal.Invoker.invokeTestMethod(Invoker.java:901)
	at org.testng.internal.Invoker.invokeTestMethods(Invoker.java:1231)
	at org.testng.internal.TestMethodWorker.invokeTestMethods(TestMethodWorker.java:127)
	at org.testng.internal.TestMethodWorker.run(TestMethodWorker.java:111)
	at org.testng.TestRunner.privateRun(TestRunner.java:767)
	at org.testng.TestRunner.run(TestRunner.java:617)
	at org.testng.SuiteRunner.runTest(SuiteRunner.java:334)
	at org.testng.SuiteRunner.runSequentially(SuiteRunner.java:329)
	at org.testng.SuiteRunner.privateRun(SuiteRunner.java:291)
	at org.testng.SuiteRunner.run(SuiteRunner.java:240)
	at org.testng.SuiteRunnerWorker.runSuite(SuiteRunnerWorker.java:52)
	at org.testng.SuiteRunnerWorker.run(SuiteRunnerWorker.java:86)
	at org.testng.TestNG.runSuitesSequentially(TestNG.java:1224)
	at org.testng.TestNG.runSuitesLocally(TestNG.java:1149)
	at org.testng.TestNG.run(TestNG.java:1057)
	at org.testng.remote.RemoteTestNG.run(RemoteTestNG.java:111)
	at org.testng.remote.RemoteTestNG.initAndRun(RemoteTestNG.java:204)
	at org.testng.remote.RemoteTestNG.main(RemoteTestNG.java:175)
]]>
            </full-stacktrace>
          </exception> <!-- java.lang.IllegalArgumentException -->
          <reporter-output>
          </reporter-output>
        </test-method> <!-- testSumNullString -->
        <test-method status="PASS" signature="testSumStringBigNegativeNumbers()[pri:0, instance:com.sirma.itt.javacourse.objects.summator.SummatorTest@78e000bb]" name="testSumStringBigNegativeNumbers" duration-ms="2" started-at="2014-09-08T00:32:00Z" finished-at="2014-09-08T00:32:00Z">
          <reporter-output>
          </reporter-output>
        </test-method> <!-- testSumStringBigNegativeNumbers -->
        <test-method status="PASS" signature="testSumStringBigNumbers()[pri:0, instance:com.sirma.itt.javacourse.objects.summator.SummatorTest@78e000bb]" name="testSumStringBigNumbers" duration-ms="0" started-at="2014-09-08T00:32:00Z" finished-at="2014-09-08T00:32:00Z">
          <reporter-output>
          </reporter-output>
        </test-method> <!-- testSumStringBigNumbers -->
        <test-method status="PASS" signature="testSumStringBigRealNegativeNumbers()[pri:0, instance:com.sirma.itt.javacourse.objects.summator.SummatorTest@78e000bb]" name="testSumStringBigRealNegativeNumbers" duration-ms="1" started-at="2014-09-08T00:32:00Z" finished-at="2014-09-08T00:32:00Z">
          <reporter-output>
          </reporter-output>
        </test-method> <!-- testSumStringBigRealNegativeNumbers -->
        <test-method status="PASS" signature="testSumStringBigRealNumbers()[pri:0, instance:com.sirma.itt.javacourse.objects.summator.SummatorTest@78e000bb]" name="testSumStringBigRealNumbers" duration-ms="1" started-at="2014-09-08T00:32:00Z" finished-at="2014-09-08T00:32:00Z">
          <reporter-output>
          </reporter-output>
        </test-method> <!-- testSumStringBigRealNumbers -->
        <test-method status="PASS" signature="testSumStringNegativeNumbers()[pri:0, instance:com.sirma.itt.javacourse.objects.summator.SummatorTest@78e000bb]" name="testSumStringNegativeNumbers" duration-ms="1" started-at="2014-09-08T00:32:00Z" finished-at="2014-09-08T00:32:00Z">
          <reporter-output>
          </reporter-output>
        </test-method> <!-- testSumStringNegativeNumbers -->
        <test-method status="PASS" signature="testSumStringNegativeRealNumbers()[pri:0, instance:com.sirma.itt.javacourse.objects.summator.SummatorTest@78e000bb]" name="testSumStringNegativeRealNumbers" duration-ms="1" started-at="2014-09-08T00:32:00Z" finished-at="2014-09-08T00:32:01Z">
          <reporter-output>
          </reporter-output>
        </test-method> <!-- testSumStringNegativeRealNumbers -->
        <test-method status="PASS" signature="testSumStringNumbers()[pri:0, instance:com.sirma.itt.javacourse.objects.summator.SummatorTest@78e000bb]" name="testSumStringNumbers" duration-ms="0" started-at="2014-09-08T00:32:01Z" finished-at="2014-09-08T00:32:01Z">
          <reporter-output>
          </reporter-output>
        </test-method> <!-- testSumStringNumbers -->
        <test-method status="PASS" signature="testSumStringRealNumbers()[pri:0, instance:com.sirma.itt.javacourse.objects.summator.SummatorTest@78e000bb]" name="testSumStringRealNumbers" duration-ms="1" started-at="2014-09-08T00:32:01Z" finished-at="2014-09-08T00:32:01Z">
          <reporter-output>
          </reporter-output>
        </test-method> <!-- testSumStringRealNumbers -->
      </class> <!-- com.sirma.itt.javacourse.objects.summator.SummatorTest -->
    </test> <!-- Default test -->
  </suite> <!-- Default suite -->
</testng-results>
